PIPELINE STARTED: Sat Jul  1 12:35:51 2017
from_crawler called...
DB Info:
	URI:	localhost
	DB:	mtg_database
MtgPipeline initialized...
spider opened...:
	localhost
	mtg_database
spider opened...:
	localhost
	mtg_database
from_crawler called...
DB Info:
	URI:	localhost
	DB:	mtg_database
MetadataPipeline initialized...
PIPELINE STARTED: Sat Jul  1 12:39:34 2017
from_crawler called...
DB Info:
	URI:	localhost
	DB:	mtg_database
MtgPipeline initialized...
spider opened...:
	localhost
	mtg_database
spider opened...:
	localhost
	mtg_database
PIPELINE STARTED: Sat Jul  1 12:39:58 2017
from_crawler called...
DB Info:
	URI:	localhost
	DB:	mtg_database
MtgPipeline initialized...
spider opened...:
	localhost
	mtg_database

PIPELINE STARTED: Sat Jul  1 13:36:41 2017
from_crawler called...
DB Info:
	URI:	localhost
	DB:	mtg_database
MtgPipeline initialized...
spider opened...:
	localhost
	mtg_database

PIPELINE STARTED: Sat Jul  1 13:38:05 2017
from_crawler called...
DB Info:
	URI:	localhost
	DB:	mtg_database
MtgPipeline initialized...
spider opened...:
	localhost
	mtg_database

PIPELINE STARTED: Sat Jul  1 13:39:11 2017
from_crawler called...
DB Info:
	URI:	localhost
	DB:	mtg_database
MtgPipeline initialized...
spider opened...:
	localhost
	mtg_database
